20-10-20 19:03:54.2332149 pid:12220 tid:10 sqltools Critical: 0 : Exception in IntelliCode extension for Microsoft SQL Language Server: System.NullReferenceException: Object reference not set to an instance of an object.
   at Microsoft.VisualStudio.IntelliCode.SQL.PythiaService.GetRecommendationsAsync(ConnectionInfo connInfo, ScriptDocumentInfo scriptDocumentInfo, CompletionItem[] completions, CancellationToken cancellationToken)
   at Microsoft.VisualStudio.IntelliCode.SQL.CompletionExtension.HandleCompletionAsync(ConnectionInfo connInfo, ScriptDocumentInfo scriptDocumentInfo, CompletionItem[] completions, CancellationToken token)
20-10-21 18:15:11.2565132 pid:12220 tid:10 sqltools Critical: 0 : Exception in IntelliCode extension for Microsoft SQL Language Server: System.OperationCanceledException: The operation was canceled.
   at System.Threading.CancellationToken.ThrowOperationCanceledException()
   at Microsoft.VisualStudio.IntelliCode.SQL.PythiaService.GetRecommendationsFromTokens(Stopwatch watch, IEnumerable`1 tokens, CompletionItem[] completions, CancellationToken cancellationToken)
   at Microsoft.VisualStudio.IntelliCode.SQL.PythiaService.GetRecommendationsAsync(ConnectionInfo connInfo, ScriptDocumentInfo scriptDocumentInfo, CompletionItem[] completions, CancellationToken cancellationToken)
   at Microsoft.VisualStudio.IntelliCode.SQL.CompletionExtension.HandleCompletionAsync(ConnectionInfo connInfo, ScriptDocumentInfo scriptDocumentInfo, CompletionItem[] completions, CancellationToken token)
20-10-22 14:49:32.5786586 pid:12220 tid:10 sqltools Critical: 0 : Exception in IntelliCode extension for Microsoft SQL Language Server: System.OperationCanceledException: The operation was canceled.
   at System.Threading.CancellationToken.ThrowOperationCanceledException()
   at Microsoft.VisualStudio.IntelliCode.SQL.PythiaService.GetRecommendationsFromTokens(Stopwatch watch, IEnumerable`1 tokens, CompletionItem[] completions, CancellationToken cancellationToken)
   at Microsoft.VisualStudio.IntelliCode.SQL.PythiaService.GetRecommendationsAsync(ConnectionInfo connInfo, ScriptDocumentInfo scriptDocumentInfo, CompletionItem[] completions, CancellationToken cancellationToken)
   at Microsoft.VisualStudio.IntelliCode.SQL.CompletionExtension.HandleCompletionAsync(ConnectionInfo connInfo, ScriptDocumentInfo scriptDocumentInfo, CompletionItem[] completions, CancellationToken token)
20-10-22 14:52:07.3915595 pid:12220 tid:10 sqltools Critical: 0 : Exception in IntelliCode extension for Microsoft SQL Language Server: System.OperationCanceledException: The operation was canceled.
   at System.Threading.CancellationToken.ThrowOperationCanceledException()
   at Microsoft.VisualStudio.IntelliCode.SQL.PythiaService.GetRecommendationsFromTokens(Stopwatch watch, IEnumerable`1 tokens, CompletionItem[] completions, CancellationToken cancellationToken)
   at Microsoft.VisualStudio.IntelliCode.SQL.PythiaService.GetRecommendationsAsync(ConnectionInfo connInfo, ScriptDocumentInfo scriptDocumentInfo, CompletionItem[] completions, CancellationToken cancellationToken)
   at Microsoft.VisualStudio.IntelliCode.SQL.CompletionExtension.HandleCompletionAsync(ConnectionInfo connInfo, ScriptDocumentInfo scriptDocumentInfo, CompletionItem[] completions, CancellationToken token)
20-10-22 15:11:21.4970977 pid:12220 tid:10 sqltools Critical: 0 : Exception in IntelliCode extension for Microsoft SQL Language Server: System.OperationCanceledException: The operation was canceled.
   at System.Threading.CancellationToken.ThrowOperationCanceledException()
   at Microsoft.VisualStudio.IntelliCode.SQL.PythiaService.GetRecommendationsFromTokens(Stopwatch watch, IEnumerable`1 tokens, CompletionItem[] completions, CancellationToken cancellationToken)
   at Microsoft.VisualStudio.IntelliCode.SQL.PythiaService.GetRecommendationsAsync(ConnectionInfo connInfo, ScriptDocumentInfo scriptDocumentInfo, CompletionItem[] completions, CancellationToken cancellationToken)
   at Microsoft.VisualStudio.IntelliCode.SQL.CompletionExtension.HandleCompletionAsync(